<?xml version="1.0" encoding="UTF-8"?>
<testsuite xmlns:xsi="http://www.w3.org/2001/XMLSchema-instance" xsi:noNamespaceSchemaLocation="https://maven.apache.org/surefire/maven-surefire-plugin/xsd/surefire-test-report-3.0.xsd" version="3.0" name="test.AllTests" time="139.064" tests="7" errors="0" skipped="0" failures="0">
  <properties>
[...]
</properties>
  <testcase name="test" classname="test.SignUp_HappyPath" time="22.905"/>
  <testcase name="invalidPasswoord" classname="test.SignUp_Negative" time="18.309"/>
  <testcase name="empyfield" classname="test.SignUp_Negative" time="18.543"/>
  <testcase name="EmailAlreadyExist" classname="test.SignUp_Negative" time="21.176"/>
  <testcase name="pass_need_to_be_same" classname="test.SignUp_Negative" time="19.078"/>
  <testcase name="pass_need_3_typeofch" classname="test.SignUp_Negative" time="19.178"/>
  <testcase name="InvalidEmail" classname="test.SignUp_Negative" time="19.535"/>
</testsuite>